
> shll-web@0.1.0 dev
> next dev --port 3100

▲ Next.js 16.1.6 (Turbopack)
- Local:         http://localhost:3100
- Network:       http://198.18.0.1:3100
- Environments: .env.local

✓ Starting...
✓ Ready in 654ms
 GET / 200 in 453ms (compile: 222ms, render: 232ms)
 GET / 200 in 41ms (compile: 12ms, render: 30ms)
 GET / 200 in 57ms (compile: 13ms, render: 44ms)
 GET /icon?3c19949d4a47fa81 200 in 735ms
 GET /icon?3c19949d4a47fa81 200 in 47ms
 GET /icon?3c19949d4a47fa81 200 in 33ms
 GET /icon?3c19949d4a47fa81 200 in 32ms
 GET /icon?3c19949d4a47fa81 200 in 17ms
 POST /api/indexer 200 in 751ms (compile: 142ms, render: 609ms)
 POST /api/indexer 200 in 308ms (compile: 3ms, render: 305ms)
 POST /api/indexer 200 in 324ms (compile: 2ms, render: 321ms)
 POST /api/indexer 200 in 310ms (compile: 2ms, render: 308ms)
 POST /api/indexer 200 in 326ms (compile: 1489µs, render: 325ms)
 GET /icon?3c19949d4a47fa81 200 in 18ms
 POST /api/indexer 200 in 300ms (compile: 1949µs, render: 298ms)
 GET /agent/0x4c0bcc8a43da7ec63d792fe7d3c932b1d9d88181/0 200 in 552ms (compile: 525ms, render: 27ms)
 GET /agent/0x4c0bcc8a43da7ec63d792fe7d3c932b1d9d88181/0 200 in 145ms (compile: 17ms, render: 128ms)
 GET /icon?3c19949d4a47fa81 200 in 24ms
 GET /icon?3c19949d4a47fa81 200 in 14ms
 GET /icon?3c19949d4a47fa81 200 in 15ms
 GET /icon?3c19949d4a47fa81 200 in 12ms
 GET /icon?3c19949d4a47fa81 200 in 14ms
 GET /icon?3c19949d4a47fa81&x-oss-process=image/format,webp/ignore-error,1 200 in 22ms
 GET /icon?3c19949d4a47fa81&x-oss-process=image/format,webp 200 in 17ms
 GET /icon?3c19949d4a47fa81&x-oss-process=image/format,webp/ignore-error,1 200 in 13ms
 GET /agent/0x4c0bcc8a43da7ec63d792fe7d3c932b1d9d88181/0/console 200 in 554ms (compile: 530ms, render: 24ms)
 GET /agent/0x827E342A9835536c03dCDC369626e1a981299f30/0/console 200 in 97ms (compile: 15ms, render: 82ms)
 GET /icon?3c19949d4a47fa81 200 in 16ms
 GET /icon?3c19949d4a47fa81 200 in 10ms
 GET /icon?3c19949d4a47fa81 200 in 9ms
 GET /icon?3c19949d4a47fa81 200 in 11ms
 GET /icon?3c19949d4a47fa81&x-oss-process=image/format,webp/ignore-error,1 200 in 9ms
 GET /icon?3c19949d4a47fa81&x-oss-process=image/format,webp/ignore-error,1 200 in 10ms
✓ Compiled in 1601ms
✓ Compiled in 61ms
✓ Compiled in 41ms
✓ Compiled in 45ms
✓ Compiled in 26ms
✓ Compiled in 41ms
✓ Compiled in 41ms
✓ Compiled in 50ms
